2026-03-04 11:44:09,009 : test_verify_login_url : test_verify_login_url : INFO - Started test_verify_login_url verification
2026-03-04 11:44:09,308 : test_verify_login_url : test_verify_login_url : INFO - driver title fetched successfully
2026-03-04 12:12:30,909 : Test_login_page_001 : test_verify_login_url : INFO - Started test_verify_login_url verification
2026-03-04 12:12:31,035 : Test_login_page_001 : test_verify_login_url : INFO - driver title fetched successfully
2026-03-04 12:13:34,593 : Test_login_page_001 : test_verify_login_url : INFO - Started test_verify_login_url verification
2026-03-04 12:13:34,713 : Test_login_page_001 : test_verify_login_url : INFO - driver title fetched successfully
2026-03-04 12:19:19,345 : Test_login_page_001 : test_verify_login_url : INFO - Started test_verify_login_url verification
2026-03-04 12:19:19,488 : Test_login_page_001 : test_verify_login_url : INFO - driver title fetched successfully
2026-03-04 12:23:48,070 : Test_login_page_001 : test_verify_login_url : INFO - Started test_verify_login_url verification
2026-03-04 12:23:48,215 : Test_login_page_001 : test_verify_login_url : INFO - driver title fetched successfully
2026-03-04 13:05:09,569 : Test_login_page_001 : test_verify_login_url : INFO - Started test_verify_login_url verification
2026-03-04 13:05:09,672 : Test_login_page_001 : test_verify_login_url : INFO - driver title fetched successfully
2026-03-04 13:05:16,182 : Test_login_page_001 : test_verify_login_successful : INFO - Clicking Login Button
2026-03-04 13:05:21,273 : Test_login_page_001 : test_verify_login_successful : INFO - Login Successful
2026-03-04 13:05:31,453 : Test_login_page_001 : test_verify_login_successful : ERROR - login failed
2026-03-04 13:13:19,437 : Test_login_page_001 : test_verify_login_url : INFO - Started test_verify_login_url verification
2026-03-04 13:13:19,563 : Test_login_page_001 : test_verify_login_url : INFO - driver title fetched successfully
2026-03-04 13:13:28,686 : Test_login_page_001 : test_verify_login_successful : INFO - Clicking Login Button
2026-03-04 13:13:31,472 : Test_login_page_001 : test_verify_login_successful : INFO - Login Successful
2026-03-04 13:13:41,604 : Test_login_page_001 : test_verify_login_successful : ERROR - login failed
2026-03-04 13:15:02,429 : Test_login_page_001 : test_verify_login_url : INFO - Started test_verify_login_url verification
2026-03-04 13:15:02,659 : Test_login_page_001 : test_verify_login_url : INFO - driver title fetched successfully
2026-03-04 13:15:06,280 : Test_login_page_001 : test_verify_login_successful : INFO - Clicking Login Button
2026-03-04 13:15:06,513 : Test_login_page_001 : test_verify_login_successful : INFO - Login Successful
2026-03-04 13:15:16,536 : Test_login_page_001 : test_verify_login_successful : ERROR - login failed
2026-03-04 13:30:33,431 : Test_login_page_001 : test_verify_login_url : INFO - Started test_verify_login_url verification
2026-03-04 13:30:36,249 : Test_login_page_001 : test_verify_login_url : INFO - driver title fetched successfully
2026-03-04 13:30:39,692 : Test_login_page_001 : test_verify_login_successful : INFO - Clicking Login Button
2026-03-04 13:30:42,337 : Test_login_page_001 : test_verify_login_successful : INFO - Login Successful
2026-03-04 13:30:52,501 : Test_login_page_001 : test_verify_login_successful : ERROR - login failed
2026-03-04 13:39:23,338 : Test_login_page_001 : test_verify_login_url : INFO - Started test_verify_login_url verification
2026-03-04 13:39:23,543 : Test_login_page_001 : test_verify_login_url : INFO - driver title fetched successfully
2026-03-04 13:39:27,093 : Test_login_page_001 : test_verify_login_successful : INFO - Clicking Login Button
2026-03-04 13:39:39,182 : Test_login_page_001 : test_verify_login_successful : INFO - Login Successful
2026-03-04 13:39:49,267 : Test_login_page_001 : test_verify_login_successful : ERROR - login failed
2026-03-04 14:27:34,110 : Test_login_page_001 : test_verify_login_url : INFO - Started test_verify_login_url verification
2026-03-04 14:27:34,479 : Test_login_page_001 : test_verify_login_url : INFO - driver title fetched successfully
2026-03-04 14:27:41,393 : Test_login_page_001 : test_verify_login_successful : INFO - Clicking Login Button
2026-03-04 14:27:51,543 : Test_login_page_001 : test_verify_login_successful : INFO - Login Successful
2026-03-04 14:28:01,728 : Test_login_page_001 : test_verify_login_successful : ERROR - login failed
2026-03-04 14:35:45,566 : Test_login_page_001 : test_verify_login_url : INFO - Started test_verify_login_url verification
2026-03-04 14:35:45,783 : Test_login_page_001 : test_verify_login_url : INFO - driver title fetched successfully
2026-03-04 14:35:50,726 : Test_login_page_001 : test_verify_login_successful : INFO - Clicking Login Button
2026-03-04 14:35:57,824 : Test_login_page_001 : test_verify_login_successful : INFO - Login Successful
2026-03-04 14:36:08,149 : Test_login_page_001 : test_verify_login_successful : ERROR - login failed
2026-03-04 14:47:15,319 : Test_login_page_001 : test_verify_login_url : INFO - Started test_verify_login_url verification
2026-03-04 14:47:15,455 : Test_login_page_001 : test_verify_login_url : INFO - driver title fetched successfully
2026-03-04 14:47:20,828 : Test_login_page_001 : test_verify_login_successful : INFO - Clicking Login Button
2026-03-04 14:47:24,882 : Test_login_page_001 : test_verify_login_successful : INFO - Login Successful
2026-03-04 14:47:35,017 : Test_login_page_001 : test_verify_login_successful : ERROR - login failed
2026-03-04 15:06:15,139 : root : test_verify_login_url : INFO - Started test_verify_login_url verification
2026-03-04 15:06:15,375 : root : test_verify_login_url : INFO - driver title fetched successfully
2026-03-04 15:06:20,191 : root : test_verify_login_successful : INFO - Clicking Login Button
2026-03-04 15:06:27,185 : root : test_verify_login_successful : INFO - Login Successful
2026-03-04 15:06:37,263 : root : test_verify_login_successful : ERROR - login failed
2026-03-04 16:55:19,593 : root : test_verify_login_url : INFO - Started test_verify_login_url verification
2026-03-04 16:55:19,720 : root : test_verify_login_url : INFO - driver title fetched successfully
2026-03-04 16:55:22,681 : root : test_verify_login_successful : INFO - Clicking Login Button
2026-03-04 16:55:30,098 : root : test_verify_login_successful : INFO - verifying login
2026-03-04 16:55:40,267 : root : test_verify_login_successful : ERROR - login failed
2026-03-04 16:58:06,287 : root : test_verify_login_url : INFO - Started test_verify_login_url verification
2026-03-04 16:58:06,406 : root : test_verify_login_url : INFO - driver title fetched successfully
2026-03-04 16:58:10,705 : root : test_verify_login_successful : INFO - Clicking Login Button
2026-03-04 16:58:16,660 : root : test_verify_login_successful : INFO - verifying login
2026-03-04 16:58:26,820 : root : test_verify_login_successful : ERROR - login failed
2026-03-04 17:05:11,501 : root : test_verify_login_url : INFO - Started test_verify_login_url verification
2026-03-04 17:05:11,622 : root : test_verify_login_url : INFO - driver title is not correct
2026-03-04 17:05:55,082 : root : test_verify_login_url : INFO - Started test_verify_login_url verification
2026-03-04 17:05:55,202 : root : test_verify_login_url : INFO - driver title fetched successfully
2026-03-04 17:06:03,481 : root : test_verify_login_successful : INFO - Clicking Login Button
2026-03-04 17:06:04,321 : root : test_verify_login_successful : INFO - verifying login
2026-03-04 17:06:14,456 : root : test_verify_login_successful : INFO - logged in successfully
2026-03-06 12:12:33,227 : root : test_verify_login_url : INFO - Started test_verify_login_url verification
2026-03-06 12:12:33,424 : root : test_verify_login_url : INFO - driver title fetched successfully
2026-03-06 12:12:40,071 : root : test_verify_login_successful : INFO - Clicking Login Button
2026-03-06 12:12:49,344 : root : test_verify_login_successful : INFO - verifying login
2026-03-06 12:12:59,485 : root : test_verify_login_successful : ERROR - login failed
2026-03-06 12:43:25,937 : root : test_verify_login_url : INFO - Started test_verify_login_url verification
2026-03-06 12:43:26,193 : root : test_verify_login_url : INFO - driver title fetched successfully
2026-03-06 12:43:30,799 : root : test_verify_login_successful : INFO - Clicking Login Button
2026-03-06 12:43:38,904 : root : test_verify_login_successful : INFO - verifying login
2026-03-06 12:43:49,280 : root : test_verify_login_successful : ERROR - login failed
2026-03-06 12:47:51,010 : root : test_verify_login_url : INFO - Started test_verify_login_url verification
2026-03-06 12:47:51,338 : root : test_verify_login_url : INFO - driver title fetched successfully
2026-03-06 12:47:54,832 : root : test_verify_login_successful : INFO - Clicking Login Button
2026-03-06 12:48:00,559 : root : test_verify_login_successful : INFO - verifying login
2026-03-06 12:48:10,837 : root : test_verify_login_successful : ERROR - login failed
2026-03-06 12:50:05,152 : root : test_verify_login_url : INFO - Started test_verify_login_url verification
2026-03-06 12:50:05,425 : root : test_verify_login_url : INFO - driver title fetched successfully
2026-03-06 12:50:09,196 : root : test_verify_login_successful : INFO - Clicking Login Button
2026-03-06 12:50:15,471 : root : test_verify_login_successful : INFO - verifying login
2026-03-06 12:50:25,567 : root : test_verify_login_successful : ERROR - login failed
2026-03-06 12:56:24,513 : root : test_verify_login_url : INFO - Started test_verify_login_url verification
2026-03-06 12:56:24,747 : root : test_verify_login_url : INFO - driver title fetched successfully
2026-03-06 12:56:27,886 : root : test_verify_login_successful : INFO - Clicking Login Button
2026-03-06 12:56:35,284 : root : test_verify_login_successful : INFO - verifying login
2026-03-06 12:56:45,739 : root : test_verify_login_successful : ERROR - login failed
2026-03-06 13:28:12,194 : root : test_verify_login_url : INFO - Started test_verify_login_url verification
2026-03-06 13:28:12,366 : root : test_verify_login_url : INFO - driver title fetched successfully
2026-03-06 13:28:16,288 : root : test_verify_login_successful : INFO - Clicking Login Button
2026-03-06 13:28:31,608 : root : test_verify_login_successful : INFO - verifying login
2026-03-06 13:28:42,087 : root : test_verify_login_successful : ERROR - login failed
2026-03-06 15:41:15,992 : root : test_verify_login_url : INFO - Started test_verify_login_url verification
2026-03-06 15:41:16,209 : root : test_verify_login_url : INFO - driver title fetched successfully
2026-03-06 15:41:20,201 : root : test_verify_login_successful : INFO - Clicking Login Button
2026-03-06 15:41:25,337 : root : test_verify_login_successful : INFO - verifying login
2026-03-06 15:41:35,788 : root : test_verify_login_successful : ERROR - login failed
2026-03-09 11:44:23,145 : root : test_verify_login_url : INFO - Started test_verify_login_url verification
2026-03-09 11:44:23,377 : root : test_verify_login_url : INFO - driver title fetched successfully
2026-03-09 11:44:29,115 : root : test_verify_login_successful : INFO - Clicking Login Button
2026-03-09 11:44:37,139 : root : test_verify_login_successful : INFO - Clicking Login Button
2026-03-09 11:44:43,327 : root : test_verify_login_successful : INFO - Clicking Login Button
2026-03-09 11:44:48,172 : root : test_verify_login_successful : INFO - Clicking Login Button
2026-03-09 11:44:50,313 : root : test_verify_login_successful : INFO - verifying login
2026-03-09 11:45:00,641 : root : test_verify_login_successful : INFO - logged in successfully
2026-03-09 11:53:09,125 : root : test_verify_login_url : INFO - Started test_verify_login_url verification
2026-03-09 11:53:09,441 : root : test_verify_login_url : INFO - driver title fetched successfully
2026-03-09 11:53:12,168 : root : test_verify_login_successful : INFO - Clicking Login Button
2026-03-09 11:53:16,774 : root : test_verify_login_successful : INFO - verifying login
2026-03-09 11:53:16,797 : root : test_verify_login_successful : INFO - logged in successfully
2026-03-09 11:53:23,133 : root : test_verify_login_successful : INFO - Clicking Login Button
2026-03-09 11:53:23,393 : root : test_verify_login_successful : INFO - verifying login
2026-03-09 11:53:33,645 : root : test_verify_login_successful : INFO - logged in successfully
2026-03-09 11:53:36,981 : root : test_verify_login_successful : INFO - Clicking Login Button
2026-03-09 11:53:38,306 : root : test_verify_login_successful : INFO - verifying login
2026-03-09 11:53:48,782 : root : test_verify_login_successful : INFO - logged in successfully
2026-03-09 11:53:51,564 : root : test_verify_login_successful : INFO - Clicking Login Button
2026-03-09 11:53:53,162 : root : test_verify_login_successful : INFO - verifying login
2026-03-09 11:54:03,485 : root : test_verify_login_successful : INFO - logged in successfully
2026-03-09 12:02:23,250 : root : test_verify_login_url : INFO - Started test_verify_login_url verification
2026-03-09 12:02:23,442 : root : test_verify_login_url : INFO - driver title fetched successfully
2026-03-09 12:02:26,325 : root : test_verify_login_successful : INFO - Clicking Login Button
2026-03-09 12:02:30,325 : root : test_verify_login_successful : INFO - verifying login
2026-03-09 12:02:30,354 : root : test_verify_login_successful : INFO - logged in successfully
2026-03-09 12:02:36,288 : root : test_verify_login_successful : INFO - Clicking Login Button
2026-03-09 12:02:41,695 : root : test_verify_login_successful : INFO - Clicking Login Button
2026-03-09 12:02:44,810 : root : test_verify_login_successful : INFO - Clicking Login Button
2026-04-01 10:14:36,347 : root : test_verify_login_url : INFO - Started test_verify_login_url verification
2026-04-01 10:14:36,546 : root : test_verify_login_url : INFO - driver title fetched successfully
2026-04-01 10:14:49,119 : root : test_verify_login : INFO - Clicking Login Button
2026-04-01 10:14:57,749 : root : test_verify_login : INFO - verifying login
2026-04-01 10:14:57,776 : root : test_verify_login : INFO - logged in successfully
2026-04-01 10:15:04,339 : root : test_verify_login : INFO - Clicking Login Button
2026-04-01 10:15:06,843 : root : test_verify_login : INFO - verifying login
2026-04-01 10:15:16,981 : root : test_verify_login : INFO - logged in successfully
2026-04-01 10:15:20,981 : root : test_verify_login : INFO - Clicking Login Button
2026-04-01 10:15:23,585 : root : test_verify_login : INFO - verifying login
2026-04-01 10:15:33,648 : root : test_verify_login : INFO - logged in successfully
2026-04-01 10:15:36,935 : root : test_verify_login : INFO - Clicking Login Button
2026-04-01 10:15:40,191 : root : test_verify_login : INFO - verifying login
2026-04-01 10:15:50,377 : root : test_verify_login : INFO - logged in successfully
2026-04-01 10:36:59,927 : root : test_verify_login_url : INFO - Started test_verify_login_url verification
2026-04-01 10:37:00,022 : root : test_verify_login_url : INFO - driver title fetched successfully
2026-04-01 10:37:05,203 : root : test_verify_login : INFO - Clicking Login Button
2026-04-01 10:37:15,369 : root : test_verify_login : INFO - verifying login
2026-04-01 10:37:15,459 : root : test_verify_login : INFO - logged in successfully
2026-04-01 10:37:20,484 : root : test_verify_login : ERROR - Test case passed 
2026-04-01 10:37:24,336 : root : test_verify_login : INFO - Clicking Login Button
2026-04-01 10:37:26,983 : root : test_verify_login : INFO - verifying login
2026-04-01 10:37:47,391 : root : test_verify_login : ERROR - login failed 
2026-04-01 10:37:47,458 : root : test_verify_login : ERROR - Test case passed 
2026-04-01 10:37:50,511 : root : test_verify_login : INFO - Clicking Login Button
2026-04-01 10:37:52,884 : root : test_verify_login : INFO - verifying login
2026-04-01 10:38:13,144 : root : test_verify_login : ERROR - login failed 
2026-04-01 10:38:13,246 : root : test_verify_login : ERROR - Test case passed 
2026-04-01 10:38:16,956 : root : test_verify_login : INFO - Clicking Login Button
2026-04-01 10:38:19,693 : root : test_verify_login : INFO - verifying login
2026-04-01 10:38:40,013 : root : test_verify_login : ERROR - login failed 
2026-04-01 10:38:40,105 : root : test_verify_login : ERROR - Test case passed 
2026-04-01 11:03:51,562 : root : test_verify_login_url_001 : INFO - Started test_verify_login_url verification
2026-04-01 11:03:52,989 : root : test_verify_login_url_001 : INFO - driver title fetched successfully
2026-04-01 11:03:59,245 : root : test_verify_login_002 : INFO - Clicking Login Button
2026-04-01 11:04:05,944 : root : test_verify_login_002 : INFO - verifying login
2026-04-01 11:04:05,997 : root : test_verify_login_002 : INFO - logged in successfully
2026-04-01 11:04:09,697 : root : test_verify_login_002 : ERROR - Test case passed 
2026-04-01 11:04:12,851 : root : test_verify_login_002 : INFO - Clicking Login Button
2026-04-01 11:04:15,743 : root : test_verify_login_002 : INFO - verifying login
2026-04-01 11:04:36,066 : root : test_verify_login_002 : ERROR - login failed 
2026-04-01 11:04:36,116 : root : test_verify_login_002 : ERROR - Test case passed 
2026-04-01 11:04:39,961 : root : test_verify_login_002 : INFO - Clicking Login Button
2026-04-01 11:04:41,862 : root : test_verify_login_002 : INFO - verifying login
2026-04-01 11:05:02,287 : root : test_verify_login_002 : ERROR - login failed 
2026-04-01 11:05:02,343 : root : test_verify_login_002 : ERROR - Test case passed 
2026-04-01 11:05:06,041 : root : test_verify_login_002 : INFO - Clicking Login Button
2026-04-01 11:05:07,594 : root : test_verify_login_002 : INFO - verifying login
2026-04-01 11:05:27,923 : root : test_verify_login_002 : ERROR - login failed 
2026-04-01 11:05:27,958 : root : test_verify_login_002 : ERROR - Test case passed 
2026-04-01 11:16:19,664 : root : test_verify_login_url_001 : INFO - Started test_verify_login_url verification
2026-04-01 11:16:19,832 : root : test_verify_login_url_001 : INFO - driver title fetched successfully
2026-04-01 11:16:26,535 : root : test_verify_login_002 : INFO - Clicking Login Button
2026-04-01 11:16:33,700 : root : test_verify_login_002 : INFO - verifying login
2026-04-01 11:16:33,758 : root : test_verify_login_002 : INFO - logged in successfully
2026-04-01 11:16:37,162 : root : test_verify_login_002 : ERROR - Test case passed 
2026-04-01 11:16:39,559 : root : test_verify_login_002 : INFO - Clicking Login Button
2026-04-01 11:16:42,140 : root : test_verify_login_002 : INFO - verifying login
2026-04-01 11:17:02,446 : root : test_verify_login_002 : ERROR - login failed 
2026-04-01 11:17:02,502 : root : test_verify_login_002 : ERROR - Test case passed 
2026-04-01 11:17:05,841 : root : test_verify_login_002 : INFO - Clicking Login Button
2026-04-01 11:17:08,034 : root : test_verify_login_002 : INFO - verifying login
2026-04-01 11:17:28,343 : root : test_verify_login_002 : ERROR - login failed 
2026-04-01 11:17:28,378 : root : test_verify_login_002 : ERROR - Test case passed 
2026-04-01 11:17:31,951 : root : test_verify_login_002 : INFO - Clicking Login Button
2026-04-01 11:17:35,046 : root : test_verify_login_002 : INFO - verifying login
2026-04-01 11:17:55,349 : root : test_verify_login_002 : ERROR - login failed 
2026-04-01 11:17:55,405 : root : test_verify_login_002 : ERROR - Test case passed 
